/Users/westfall/Work/packages/mangadap/python/mangadap/contrib/LambdaR_2D_forMaNGA.py:docstring of mangadap.contrib.LambdaR_2D_forMaNGA.XY_toSemiMajor:3: WARNING: Unexpected indentation.
/Users/westfall/Work/packages/mangadap/python/mangadap/contrib/xjmc.py:docstring of mangadap.contrib.xjmc:20: WARNING: Inline emphasis start-string without end-string.
/Users/westfall/Work/packages/mangadap/python/mangadap/contrib/xjmc.py:docstring of mangadap.contrib.xjmc.emline_fitter_with_ppxf:25: WARNING: Unexpected indentation.
/Users/westfall/Work/packages/mangadap/python/mangadap/drpfits.py:docstring of mangadap.drpfits.DRPFits.default_paths:3: WARNING: Unexpected indentation.
/Users/westfall/Work/packages/mangadap/python/mangadap/drpfits.py:docstring of mangadap.drpfits.DRPFits.default_paths:6: WARNING: Unexpected indentation.
/Users/westfall/Work/packages/mangadap/python/mangadap/drpfits.py:docstring of mangadap.drpfits.DRPFits.default_paths:7: WARNING: Block quote ends without a blank line; unexpected unindent.
/Users/westfall/Work/packages/mangadap/python/mangadap/par/parset.py:docstring of mangadap.par.parset.ParSet.add:5: WARNING: Unknown interpreted text role "arg".
/Users/westfall/Work/packages/mangadap/python/mangadap/par/parset.py:docstring of mangadap.par.parset.ParSet.add:8: WARNING: Unknown interpreted text role "arg".
/Users/westfall/Work/packages/mangadap/python/mangadap/proc/emissionlinemoments.py:docstring of mangadap.proc.emissionlinemoments.EmissionLineMoments._assign_redshifts:27: WARNING: Unknown interpreted text role "arg".
/Users/westfall/Work/packages/mangadap/python/mangadap/proc/emissionlinemoments.py:docstring of mangadap.proc.emissionlinemoments.EmissionLineMoments.measure:9: WARNING: Unexpected indentation.
/Users/westfall/Work/packages/mangadap/python/mangadap/proc/emissionlinemoments.py:docstring of mangadap.proc.emissionlinemoments.EmissionLineMoments.measure:14: WARNING: Unexpected indentation.
/Users/westfall/Work/packages/mangadap/python/mangadap/proc/emissionlinemoments.py:docstring of mangadap.proc.emissionlinemoments.EmissionLineMoments.measure:25: WARNING: Unexpected indentation.
/Users/westfall/Work/packages/mangadap/python/mangadap/proc/emissionlinemoments.py:docstring of mangadap.proc.emissionlinemoments.EmissionLineMoments.measure:36: WARNING: Unexpected indentation.
/Users/westfall/Work/packages/mangadap/python/mangadap/proc/emissionlinetemplates.py:docstring of mangadap.proc.emissionlinetemplates.EmissionLineTemplates:103: WARNING: Inline literal start-string without end-string.
/Users/westfall/Work/packages/mangadap/python/mangadap/proc/emissionlinetemplates.py:docstring of mangadap.proc.emissionlinetemplates.EmissionLineTemplates._tied_index:11: WARNING: Unexpected indentation.
/Users/westfall/Work/packages/mangadap/python/mangadap/proc/emissionlinetemplates.py:docstring of mangadap.proc.emissionlinetemplates.EmissionLineTemplates.build_templates:23: WARNING: Inline interpreted text or phrase reference start-string without end-string.
/Users/westfall/Work/packages/mangadap/python/mangadap/proc/emissionlinetemplates.py:docstring of mangadap.proc.emissionlinetemplates.EmissionLineTemplates.check_database:8: WARNING: Unexpected indentation.
/Users/westfall/Work/packages/mangadap/python/mangadap/proc/emissionlinetemplates.py:docstring of mangadap.proc.emissionlinetemplates.EmissionLineTemplates.check_database:19: WARNING: Inline interpreted text or phrase reference start-string without end-string.
/Users/westfall/Work/packages/mangadap/python/mangadap/proc/emissionlinetemplates.py:docstring of mangadap.proc.emissionlinetemplates.EmissionLineTemplates:58: WARNING: Unknown target name: "logging.logger".
/Users/westfall/Work/packages/mangadap/python/mangadap/proc/emissionlinetemplates.py:docstring of mangadap.proc.emissionlinetemplates.EmissionLineTemplates:142: WARNING: Unknown target name: "logging.logger".
/Users/westfall/Work/packages/mangadap/python/mangadap/proc/emissionlinetemplates.py:docstring of mangadap.proc.emissionlinetemplates.EmissionLineTemplates.build_templates:29: WARNING: Unknown target name: "logging.logger".
/Users/westfall/Work/packages/mangadap/python/mangadap/proc/ppxffit.py:docstring of mangadap.proc.ppxffit.PPXFFit.fit:56: WARNING: Inline interpreted text or phrase reference start-string without end-string.
/Users/westfall/Work/packages/mangadap/python/mangadap/proc/sasuke.py:docstring of mangadap.proc.sasuke.Sasuke:197: WARNING: Inline interpreted text or phrase reference start-string without end-string.
/Users/westfall/Work/packages/mangadap/python/mangadap/proc/sasuke.py:docstring of mangadap.proc.sasuke.Sasuke:203: WARNING: Inline interpreted text or phrase reference start-string without end-string.
/Users/westfall/Work/packages/mangadap/python/mangadap/proc/sasuke.py:docstring of mangadap.proc.sasuke.Sasuke:208: WARNING: Inline interpreted text or phrase reference start-string without end-string.
/Users/westfall/Work/packages/mangadap/python/mangadap/proc/sasuke.py:docstring of mangadap.proc.sasuke.Sasuke:213: WARNING: Inline interpreted text or phrase reference start-string without end-string.
/Users/westfall/Work/packages/mangadap/python/mangadap/proc/sasuke.py:docstring of mangadap.proc.sasuke.Sasuke:219: WARNING: Inline interpreted text or phrase reference start-string without end-string.
/Users/westfall/Work/packages/mangadap/python/mangadap/proc/sasuke.py:docstring of mangadap.proc.sasuke.Sasuke.fit_SpatiallyBinnedSpectra:44: WARNING: Inline interpreted text or phrase reference start-string without end-string.
/Users/westfall/Work/packages/mangadap/python/mangadap/proc/sasuke.py:docstring of mangadap.proc.sasuke.Sasuke.fit_SpatiallyBinnedSpectra:53: WARNING: Block quote ends without a blank line; unexpected unindent.
/Users/westfall/Work/packages/mangadap/python/mangadap/proc/sasuke.py:docstring of mangadap.proc.sasuke.Sasuke.fit_SpatiallyBinnedSpectra:54: WARNING: Inline interpreted text or phrase reference start-string without end-string.
/Users/westfall/Work/packages/mangadap/python/mangadap/proc/sasuke.py:docstring of mangadap.proc.sasuke.Sasuke.fit_SpatiallyBinnedSpectra:56: WARNING: Definition list ends without a blank line; unexpected unindent.
/Users/westfall/Work/packages/mangadap/python/mangadap/proc/sasuke.py:docstring of mangadap.proc.sasuke.Sasuke.fit_SpatiallyBinnedSpectra:58: WARNING: Unexpected indentation.
/Users/westfall/Work/packages/mangadap/python/mangadap/proc/sasuke.py:docstring of mangadap.proc.sasuke.Sasuke.fit_SpatiallyBinnedSpectra:58: WARNING: Inline interpreted text or phrase reference start-string without end-string.
/Users/westfall/Work/packages/mangadap/python/mangadap/proc/sasuke.py:docstring of mangadap.proc.sasuke.Sasuke.fit_SpatiallyBinnedSpectra:59: WARNING: Block quote ends without a blank line; unexpected unindent.
/Users/westfall/Work/packages/mangadap/python/mangadap/proc/sasuke.py:docstring of mangadap.proc.sasuke.Sasuke:41: WARNING: Unknown target name: "logging.logger".
/Users/westfall/Work/packages/mangadap/python/mangadap/proc/sasuke.py:docstring of mangadap.proc.sasuke.Sasuke:52: WARNING: Unknown target name: "logging.logger".
/Users/westfall/Work/packages/mangadap/python/mangadap/proc/sasuke.py:docstring of mangadap.proc.sasuke.Sasuke.fit:200: WARNING: Unknown target name: "logging.logger".
/Users/westfall/Work/packages/mangadap/python/mangadap/proc/sasuke.py:docstring of mangadap.proc.sasuke.Sasuke.fit_SpatiallyBinnedSpectra:38: WARNING: Unknown target name: "logging.logger".
/Users/westfall/Work/packages/mangadap/python/mangadap/proc/spectralfitting.py:docstring of mangadap.proc.spectralfitting.EmissionLineFit.check_emission_line_database:17: WARNING: Inline interpreted text or phrase reference start-string without end-string.
/Users/westfall/Work/packages/mangadap/python/mangadap/proc/spectralfitting.py:docstring of mangadap.proc.spectralfitting.EmissionLineFit.get_spectra_to_fit:7: WARNING: Definition list ends without a blank line; unexpected unindent.
/Users/westfall/Work/packages/mangadap/python/mangadap/proc/spectralindices.py:docstring of mangadap.proc.spectralindices:21: WARNING: Unexpected indentation.
/Users/westfall/Work/packages/mangadap/python/mangadap/proc/spectralindices.py:docstring of mangadap.proc.spectralindices:28: WARNING: Unexpected indentation.
/Users/westfall/Work/packages/mangadap/python/mangadap/proc/spectralindices.py:docstring of mangadap.proc.spectralindices:40: WARNING: Unexpected indentation.
/Users/westfall/Work/packages/mangadap/python/mangadap/proc/spectralindices.py:docstring of mangadap.proc.spectralindices:49: WARNING: Unexpected indentation.
/Users/westfall/Work/packages/mangadap/python/mangadap/proc/spectralindices.py:docstring of mangadap.proc.spectralindices.SpectralIndices:10: WARNING: Unexpected indentation.
/Users/westfall/Work/packages/mangadap/python/mangadap/proc/spectralindices.py:docstring of mangadap.proc.spectralindices.SpectralIndices:17: WARNING: Unexpected indentation.
/Users/westfall/Work/packages/mangadap/python/mangadap/proc/spectralindices.py:docstring of mangadap.proc.spectralindices.SpectralIndices:29: WARNING: Unexpected indentation.
/Users/westfall/Work/packages/mangadap/python/mangadap/proc/spectralindices.py:docstring of mangadap.proc.spectralindices.SpectralIndices:38: WARNING: Unexpected indentation.
/Users/westfall/Work/packages/mangadap/python/mangadap/proc/spectralindices.py:docstring of mangadap.proc.spectralindices.SpectralIndices._assign_redshifts:26: WARNING: Unknown interpreted text role "arg".
/Users/westfall/Work/packages/mangadap/python/mangadap/proc/spectralindices.py:docstring of mangadap.proc.spectralindices.SpectralIndices.measure:7: WARNING: Unexpected indentation.
/Users/westfall/Work/packages/mangadap/python/mangadap/proc/spectralindices.py:docstring of mangadap.proc.spectralindices.SpectralIndices.measure:12: WARNING: Unexpected indentation.
/Users/westfall/Work/packages/mangadap/python/mangadap/proc/spectralindices.py:docstring of mangadap.proc.spectralindices.SpectralIndices.measure:19: WARNING: Unexpected indentation.
/Users/westfall/Work/packages/mangadap/python/mangadap/proc/spectralindices.py:docstring of mangadap.proc.spectralindices.SpectralIndices.measure:32: WARNING: Unexpected indentation.
/Users/westfall/Work/packages/mangadap/python/mangadap/proc/spectralindices.py:docstring of mangadap.proc.spectralindices.SpectralIndices.measure:42: WARNING: Unexpected indentation.
/Users/westfall/Work/packages/mangadap/python/mangadap/proc/spectralindices.py:docstring of mangadap.proc.spectralindices.SpectralIndices.measure_indices:52: WARNING: Block quote ends without a blank line; unexpected unindent.
/Users/westfall/Work/packages/mangadap/python/mangadap/proc/spectralindices.py:docstring of mangadap.proc.spectralindices.SpectralIndices.spectra_for_index_measurements:25: WARNING: Unknown interpreted text role "arg".
/Users/westfall/Work/packages/mangadap/python/mangadap/proc/spectralindices.py:docstring of mangadap.proc.spectralindices.SpectralIndices:120: WARNING: Unknown target name: "logging.logger".
/Users/westfall/Work/packages/mangadap/python/mangadap/proc/spectralindices.py:docstring of mangadap.proc.spectralindices.SpectralIndices.measure:101: WARNING: Unknown target name: "logging.logger".
/Users/westfall/Work/packages/mangadap/python/mangadap/proc/spectralstack.py:docstring of mangadap.proc.spectralstack.SpectralStack.min_max_wave:8: WARNING: Inline interpreted text or phrase reference start-string without end-string.
/Users/westfall/Work/packages/mangadap/python/mangadap/proc/spectralstack.py:docstring of mangadap.proc.spectralstack.SpectralStack.min_max_wave:10: WARNING: Block quote ends without a blank line; unexpected unindent.
/Users/westfall/Work/packages/mangadap/python/mangadap/proc/templatelibrary.py:docstring of mangadap.proc.templatelibrary.TemplateLibrary:80: WARNING: Inline emphasis start-string without end-string.
/Users/westfall/Work/packages/mangadap/python/mangadap/proc/templatelibrary.py:docstring of mangadap.proc.templatelibrary.TemplateLibrary:80: WARNING: Inline emphasis start-string without end-string.
/Users/westfall/Work/packages/mangadap/python/mangadap/proc/templatelibrary.py:docstring of mangadap.proc.templatelibrary.TemplateLibrary:170: WARNING: Inline interpreted text or phrase reference start-string without end-string.
/Users/westfall/Work/packages/mangadap/python/mangadap/proc/templatelibrary.py:docstring of mangadap.proc.templatelibrary.TemplateLibrary:170: WARNING: Inline interpreted text or phrase reference start-string without end-string.
/Users/westfall/Work/packages/mangadap/python/mangadap/proc/templatelibrary.py:docstring of mangadap.proc.templatelibrary.TemplateLibrary.process_template_library:79: WARNING: Inline emphasis start-string without end-string.
/Users/westfall/Work/packages/mangadap/python/mangadap/proc/templatelibrary.py:docstring of mangadap.proc.templatelibrary.TemplateLibrary.process_template_library:79: WARNING: Inline emphasis start-string without end-string.
/Users/westfall/Work/packages/mangadap/python/mangadap/proc/templatelibrary.py:docstring of mangadap.proc.templatelibrary.available_template_libraries:12: WARNING: Block quote ends without a blank line; unexpected unindent.
/Users/westfall/Work/packages/mangadap/python/mangadap/proc/templatelibrary.py:docstring of mangadap.proc.templatelibrary.available_template_libraries:12: WARNING: Block quote ends without a blank line; unexpected unindent.
/Users/westfall/Work/packages/mangadap/python/mangadap/util/constants.py:docstring of mangadap.util.constants.DAPConstants:3: WARNING: Malformed table.

+-----------------------------+-------------------------------+
| Attribute                   | Value                         |
+=============================+===============================+
| :attr:`sig2fwhm`            | :math:`\sqrt{8\ln(2)}`       |
+-----------------------------+-------------------------------+
| :attr:`rad2arcs`            | :math:`3600\frac{180}{\pi}`   |
+-----------------------------+-------------------------------+
| :attr:`sidereal_year`       | :math:`31558175.779`          |
+-----------------------------+-------------------------------+
/Users/westfall/Work/packages/mangadap/python/mangadap/util/resolution.py:docstring of mangadap.util.resolution.SpectralResolution:18: WARNING: Unknown target name: "scipy.interpolate.interpolatedunivariatespline".
/Users/westfall/Work/packages/mangadap/python/mangadap/util/resolution.py:docstring of mangadap.util.resolution.SpectralResolution:31: WARNING: Unknown target name: "scipy.interpolate.interpolatedunivariatespline".
/Users/westfall/Work/packages/mangadap/python/mangadap/util/resolution.py:docstring of mangadap.util.resolution.SpectralResolution:96: WARNING: Unknown target name: "scipy.interpolate.interpolatedunivariatespline".
